<?xml version="1.0" encoding="UTF-8"?>
<testsuites name="jest tests" tests="1" failures="0" time="0.217">
  <testsuite name="App" errors="0" failures="0" skipped="0" timestamp="2019-07-09T19:17:21" time="0.194" tests="1">
    <testcase classname="App should match with snapshot" name="App should match with snapshot" time="0.001">
    </testcase>
  </testsuite>
</testsuites>