<?xml version="1.0" encoding="UTF-8"?>
<testsuites name="jest tests" tests="1" failures="0" time="4.485">
  <testsuite name="App" errors="0" failures="0" skipped="0" timestamp="2019-07-10T02:52:17" time="3.572" tests="1">
    <testcase classname="App should match with snapshot" name="App should match with snapshot" time="0.005">
    </testcase>
  </testsuite>
</testsuites>